<?xml version="1.0" encoding="UTF-8"?>
<testng-results skipped="0" failed="0" ignored="0" total="1" passed="1">
  <reporter-output>
  </reporter-output>
  <suite name="Default suite" duration-ms="30468" started-at="2021-01-25T01:25:19 IST" finished-at="2021-01-25T01:25:50 IST">
    <groups>
    </groups>
    <test name="Default test" duration-ms="30468" started-at="2021-01-25T01:25:19 IST" finished-at="2021-01-25T01:25:50 IST">
      <class name="testNGTests.Activity1">
        <test-method status="PASS" signature="beforeMethod()[pri:0, instance:testNGTests.Activity1@2758fe70]" name="beforeMethod" is-config="true" duration-ms="28205" started-at="2021-01-25T01:25:20 IST" finished-at="2021-01-25T01:25:48 IST">
          <reporter-output>
          </reporter-output>
        </test-method> <!-- beforeMethod -->
        <test-method status="PASS" signature="gettest()[pri:0, instance:testNGTests.Activity1@2758fe70]" name="gettest" duration-ms="394" started-at="2021-01-25T01:25:48 IST" finished-at="2021-01-25T01:25:48 IST">
          <reporter-output>
          </reporter-output>
        </test-method> <!-- gettest -->
        <test-method status="PASS" signature="aftertest()[pri:0, instance:testNGTests.Activity1@2758fe70]" name="aftertest" is-config="true" duration-ms="1797" started-at="2021-01-25T01:25:48 IST" finished-at="2021-01-25T01:25:50 IST">
          <reporter-output>
          </reporter-output>
        </test-method> <!-- aftertest -->
      </class> <!-- testNGTests.Activity1 -->
    </test> <!-- Default test -->
  </suite> <!-- Default suite -->
</testng-results>
