<?xml version="1.0" encoding="UTF-8"?>
<testng-results skipped="0" failed="0" ignored="0" total="2" passed="2">
  <reporter-output>
  </reporter-output>
  <suite name="Default suite" duration-ms="59" started-at="2021-01-25T00:43:52 IST" finished-at="2021-01-25T00:43:52 IST">
    <groups>
    </groups>
    <test name="Default test" duration-ms="59" started-at="2021-01-25T00:43:52 IST" finished-at="2021-01-25T00:43:52 IST">
      <class name="JavaActivity3.TestNG_1">
        <test-method status="PASS" signature="beforetest()[pri:0, instance:JavaActivity3.TestNG_1@3701eaf6]" name="beforetest" is-config="true" duration-ms="8" started-at="2021-01-25T00:43:52 IST" finished-at="2021-01-25T00:43:52 IST">
          <reporter-output>
          </reporter-output>
        </test-method> <!-- beforetest -->
        <test-method status="PASS" signature="beforeclass()[pri:0, instance:JavaActivity3.TestNG_1@3701eaf6]" name="beforeclass" is-config="true" duration-ms="1" started-at="2021-01-25T00:43:52 IST" finished-at="2021-01-25T00:43:52 IST">
          <reporter-output>
          </reporter-output>
        </test-method> <!-- beforeclass -->
        <test-method status="PASS" signature="beforemethod()[pri:0, instance:JavaActivity3.TestNG_1@3701eaf6]" name="beforemethod" is-config="true" duration-ms="0" started-at="2021-01-25T00:43:52 IST" finished-at="2021-01-25T00:43:52 IST">
          <reporter-output>
          </reporter-output>
        </test-method> <!-- beforemethod -->
        <test-method status="PASS" signature="first()[pri:0, instance:JavaActivity3.TestNG_1@3701eaf6]" name="first" duration-ms="7" started-at="2021-01-25T00:43:52 IST" finished-at="2021-01-25T00:43:52 IST">
          <reporter-output>
          </reporter-output>
        </test-method> <!-- first -->
        <test-method status="PASS" signature="aftermethod()[pri:0, instance:JavaActivity3.TestNG_1@3701eaf6]" name="aftermethod" is-config="true" duration-ms="0" started-at="2021-01-25T00:43:52 IST" finished-at="2021-01-25T00:43:52 IST">
          <reporter-output>
          </reporter-output>
        </test-method> <!-- aftermethod -->
        <test-method status="PASS" signature="beforemethod()[pri:0, instance:JavaActivity3.TestNG_1@3701eaf6]" name="beforemethod" is-config="true" duration-ms="1" started-at="2021-01-25T00:43:52 IST" finished-at="2021-01-25T00:43:52 IST">
          <reporter-output>
          </reporter-output>
        </test-method> <!-- beforemethod -->
        <test-method status="PASS" signature="second()[pri:0, instance:JavaActivity3.TestNG_1@3701eaf6]" name="second" duration-ms="4" started-at="2021-01-25T00:43:52 IST" finished-at="2021-01-25T00:43:52 IST">
          <reporter-output>
          </reporter-output>
        </test-method> <!-- second -->
        <test-method status="PASS" signature="aftermethod()[pri:0, instance:JavaActivity3.TestNG_1@3701eaf6]" name="aftermethod" is-config="true" duration-ms="1" started-at="2021-01-25T00:43:52 IST" finished-at="2021-01-25T00:43:52 IST">
          <reporter-output>
          </reporter-output>
        </test-method> <!-- aftermethod -->
        <test-method status="PASS" signature="afterclass()[pri:0, instance:JavaActivity3.TestNG_1@3701eaf6]" name="afterclass" is-config="true" duration-ms="1" started-at="2021-01-25T00:43:52 IST" finished-at="2021-01-25T00:43:52 IST">
          <reporter-output>
          </reporter-output>
        </test-method> <!-- afterclass -->
        <test-method status="PASS" signature="aftertest()[pri:0, instance:JavaActivity3.TestNG_1@3701eaf6]" name="aftertest" is-config="true" duration-ms="0" started-at="2021-01-25T00:43:52 IST" finished-at="2021-01-25T00:43:52 IST">
          <reporter-output>
          </reporter-output>
        </test-method> <!-- aftertest -->
      </class> <!-- JavaActivity3.TestNG_1 -->
    </test> <!-- Default test -->
  </suite> <!-- Default suite -->
</testng-results>
